[    0.000000] Linux version 4.15.0-43-generic (buildd@lgw01-amd64-001) (gcc version 7.3.0 (Ubuntu 7.3.0-16ubuntu3)) #46-Ubutu SMP Thu Dec 6 14:5:28 UTC208 (Ubuntu 4.150-4346-generic 4.15.18)
[    0.000000] Command line: BOOT_IMAGE=/boot/vmlinuz-4.15.0-43-generic rot=LABEL=cloudimg-rootfs ro console=tty1 console=ttyS0
[    0.000000] KERNEL supported cpus:
[    0.000000]   Intel GenuineIntel
[    0.000000]   AD AuthenticAMD
[    0.00000]   Cetaur CentaurHauls
[    0.000000] x86/fu: Suporting XSVEfeatre 0x001: 'x87 floating point registers'
[    0.000000] x86/fpu: Supporting XSAVE feature 0x002: 'SSE registers'
[    0.00000] x86/fpu: Supporting XSAVE feature 0x004: 'AVX registers'
[    0.000000] x86/fpu: xstate_offset[2]:  576, state_sizes[]: 256
[    0.000000]x8/fpu: Enabled xstate features 0x7, context size is 832 bytes, using 'standard'format.
[    000000] e820: BIOS-provided phical RAM map:
[    0.00000] BIOS-e820: [mem 0x0000000000000000-0x000000000009fbff] usable
[    0.000000] BIOS-e820: [mem 0x00000000009fc00-0x00000000009ffff] esered
[    000000] BIOSe820:[mem 0x000000000f0000-0x00000000000fffff] reserved
[    0.000000] BIOSe820: [me 0x000000000010000-0000000003fefff] usable
[    0.000000] BOS-e20: [mem 0x000000003fff0000-0x000000003fffffff] ACPI dta
[    0.000000] BIOS-e820: [mem 0x00000000fec00000-0x00000000fec00fff] reserved
[    0.000000] BIOS-e820: [mem 0x00000000fee00000-0x00000000fee00fff] reserved
[    0.00000] BIOS-e820: [mem 0x00000000fffc0000-0x00000000ffffffff] reserved
[    0.000000] NX (Execute Disable) protection: active
[    0.000000] SMBIOS 2.5 present.
[    0.000000] DMI: innotek GmbH VirtualBox/VirtualBox, BIOS VirtualBox 12/01/2006
[    0.000000] Hypervisor detected: KVM
[    0.000000] e820: last_pfn = 0x3fff0 max_arch_pfn = 0x400000000
[    0.000000] MTRR: Disabled
[    0.000000] x86/PAT: MTRRs disabled, skipping PAT initialization too.
[    0.000000] CPU MTRRs all blank - virtualized system.
[    0.000000] x86/PAT: Configuration [0-7]: WB  WT UC- C  WB  WT  C- UC 
[    0.000000]foundMP MP-tble a [mem 0x00fff0-0x0009fff] mappedat [        (ptrval)]
[    0.000000] Scanning 1 areas forlow emory oruption
[   0.00000] RAMISKK: [em 0x359cb000-0x6cdcfff]
[    000000] ACPI:Earl tabl cheksm verificaon disabled
[    .00000]ACPI: RSDP 0x000000000E0000 000024 (v VBOX  )[    0.000000] ACPI: XSDT 0x000000003FFF00030 00003C (v01 VBOX   VBOXXSDT 00000001 ASL  00000061)
[    0.000000] ACPI: FACP 0x000000003FFF00F0 0000F4 (v04 VBOX   VBOXFACP 00000001 ASL  00000061)
[    0.000000] ACPI: DSDT 0x000000003FFF0470 0021FF (v02 VBOX   VBOXBS 0000002 INT 20100528)[   0.000000] ACPI: FACS 0x000000003FFF0200 000040
[    0.00000] ACPI: FAS 0x000000003FFF020000040
[    0.00000] ACPI: APIC 0000000003FF024000005C (v02 VBOX  VBOXPIC 00000001 ASL  00000061)
[    0.000000] ACPI: SSDT 0x000000003FFF02A0 0001CC (v01 VBOX   VBOXCPUT 00000002 INTL 2010528)
[   0.000000] No NUMA configuration foun
[    0.000000] Faking a node at [m 0x0000000000000000-0x000000003fffff]
[    0.000000] NODE_DATA(0) allocated [mem 0x3ffc5000-0x3ffeffff]
[  0.000000] kvm-clock: cpu 0, msr 0:3ff44001, primary cpu clock
[    0.000000] kvm-ock: Usig srs 4b6401and  4b54d00
[    0.000000] kvm-clock:usin sche offset of 425932660 cycles
[    0.000000] clocksource: kvm-clock: mask: 0xffffffffffffffff max_cycles: 0x1cd42e4dffb, max_idle_ns: 881590591483 ns
[    0.000000] Zone ranges:
[    0.000000]   DMA      [mem 0x0000000000001000-0x0000000000ffffff]
[    0.000000]   DMA32    [mem 0x0000000001000000-0x000000003ffeffff]
[    0.000000]   Normal   empty
[    0.000000]   Device   empty
[    0.000000] Movable zone start for each node
[    0.000000] Early memory node ranges
[    0.000000]   node   0: [mem 0x0000000000001000-0x000000000009efff]
[    0.000000]   node   0: [mem 0x0000000000100000-0x000000003ffeffff]
[    0.000000] Initmem setup node 0 [mem 0x0000000000001000-0x000000003ffeffff]
[    0.000000] Reserved but unavailable: 98 pages
[    0.000000] ACPI: PM-Timer IO Port: 0x4008
[    0.000000] IOAPIC[0]: apic_id 2, version 32, address 0xfec00000, GSI 0-23
[    0.000000] ACPI: INT_SRC_OVR (bus 0 bus_irq 0 global_irq 2 dfl dfl)
[    0.000000] ACPI: INT_SRC_OVR (bus 0 bus_irq 9 global_irq 9 low level)
[    0.000000] Using ACPI (MADT) for SMP configuration information
[    0.000000] smpboot: Allowing 2 CPUs, 0 hotplug CPUs
[    0.000000] PM: Registered nosave memory: [mem 0x00000000-0x00000fff]
[    0.000000] PM: Registered nosave memory: [mem 0x0009f000-0x0009ffff]
[    0.000000] PM: Registered nosave memory: [mem 0x000a0000-0x000effff]
[    0.000000] PM: Registered nosave memory: [mem 0x000f0000-0x000fffff]
[    0.000000] e820: [mem 0x400000000-0xfebfffff] available for PCI devices
[    0.000000] Booting paravirtualized kernel on KVM
[    0.000000] clocksource: refined-jiffies: mask: 0xffffffff max_cycles: 0xffffffff, max_idle_ns: 7645519600211568 ns
[    0.000000] random: get_random_bytes called from start_kernel+0x99/0x4fd with crng_init=0
[    0.000000] setup_percpu: NR_CPUS:8192 nr_cpumask_bits:2 nr_cpu_ids:2 nr_node_ids:1
[    0.000000] percpu: Embedded 46 pages/cpu @       (ptval)s15152 r192 d28672 u104857
[    0.0000] PV spinlock hash tablentries: 26 (ordr: 0, 4096 ytes
[    0.0000] Bilt 1 zonelists, mobiliy grouping on.  Ttal pages: 25793
[    0.000000] Policy zone: DMA32
[    0.000000] Kernel command line: BOOT_IMAGE=/boot/vmlinuz-4.15.0-43-generic root=LABEL=cloudimg-rootfs ro console=tty1 cnsol=ttyS0
[    0.000000] Memory: 983056K/1048120K available (1300K ernel code, 2472K rwdata, 4252K rodata, 2408K init, 2416K bss, 65064K reserved, 0K cma-reserved)
[    0.000000] SLUB: HWalign=64, Order=0-3, MinObjects=0, CPUs=2, Nodes=1
[    0.000000] Kernel/User page tables isolation: enabled
[    0.000000] ftrace: allocating 39186 entries in 154 pages
[    0.004000] Hierarchical RCU implementation.
[    0.004000] 	RCU restricting CPUs from NR_CPUS=8192 to nr_cpu_ids=2.
    0.04000] 	Tasks RCU enabled.
[    000400] RCU: Adjutinggeomtry for rcu_fanout_leaf=16, nr_cpu_is=2
[   0.04000] R_IRS: 54544, nr_irqs: 440, preallocated irqs: 16
[    0.004000] Cnsole: colour VGA+ 80x25
[    0.004000] console [tty1] enabled
[    0.004000] console [ttyS0] enabled
[    0.004000] ACPI: Core revision 20170831
[    0.004000] ACPI: 2 ACPI AML tables successfully acquired and loaded

[    0.004000] APIC: Switch to symmetric I/O mode setup
[    0.004000] x2apic enabled
[    0.004000] Switched APIC routing to physical x2apic.
[    0.005018] ..TIMER: vector=0x30 apic1=0 pin1=2 apic2=-1 pin2=-1
[    0.008003] tsc: Detected 2304.000 MHz processor
[    0.012012] Calibrating delay loop (skipped) preset value.. 4608.00 BogoMIPS (lpj=9216000)
[    0.016003] pid_max: default: 32768 minimum: 301
[    0.017366] Security Framework initialized
[    0.020003] Yama: becoming mindful.
[    0.021069] AppArmor: AppArmor initialized
[    0.024057] Dentry cache hash table entries: 131072 (order: 8, 1048576 bytes)
[    0.025860] Inode-cache hash table entries: 65536 (order: 7, 524288 bytes)
[    0.027504] Mount-cache hash table entries: 2048 (order: 2, 16384 bytes)
[    0.028006] Mountpoint-cache hash table entries: 2048 (order: 2, 16384 bytes)
[    0.032330] mce: CPU supports 0 MCE banks
[    0.036028] Last level iTLB entries: 4KB 64, 2MB 8, 4MB 8
[    0.040006] Last level dTLB entries: 4KB 64, 2MB 0, 4MB 0, 1GB 4
[    0.044008] Spectre V2 : Mitigation: Full generic retpoline
[    0.048007] Spectre V2 : Spectre v2 / SpectreRSB mitigation: Filling RSB on context switch
[    0.052007] Speculative Store Bypass: Vulnerable
[    0.056084] Freeing SMP alternatives memory: 36K
[    0.064000] smpboot: CPU0: Intel(R) Core(TM) i5-8259U CPU @ 2.30GHz (family: 0x6, model: 0x8e, stepping: 0xa)
[    0.064083] Performance Events: unsupported p6 CPU model 142 no PMU driver, software events only.
[    0.068033] Hierarchical SRCU implementation.
[    0.072510] NMI watchdog: Perf event create on CPU 0 failed with -2
[    0.076014] NMI watchdog: Perf NMI watchdog permanently disabled
[    0.080078] smp: Bringing up secondary CPUs ...
[    0.084109] x86: Booting SMP configuration:
[    0.088009] .... node  #0, CPUs:      #1
[    0.004000] kvm-clock: cpu 1, msr 0:3ff44041, secondary cpu clock
[    0.004000] mce: CPU supports 0 MCE banks
[    0.146929] smp: Brought up 1 node, 2 CPUs
[    0.148006] smpboot: Max logical packages: 1
[    0.152029] smpboot: Total of 2 processors activated (9216.00 BogoMIPS)
[    0.160003] devtmpfs: initialized
[    0.164103] x86/mm: Memory block size: 128MB
[    0.168143] evm: security.selinux
[    0.172006] evm: security.SMACK64
[    0.173118] evm: security.SMACK64EXEC
[    0.174275] evm: security.SMACK64TRANSMUTE
[    0.176006] evm: security.SMACK64MMAP
[    0.180006] evm: security.apparmor
[    0.184010] evm: security.ima
[    0.186432] evm: security.capability
[    0.188119] clocksource: jiffies: mask: 0xffffffff max_cycles: 0xffffffff, max_idle_ns: 7645041785100000 ns
[    0.192025] futex hash table entries: 512 (order: 3, 32768 bytes)
[    0.196109] pinctrl core: initialized pinctrl subsystem
[    0.202422] RTC time:  3:37:29, date: 01/29/19
[    0.204188] NET: Registered protocol family 16
[    0.208093] audit: initializing netlink subsys (disabled)
[    0.209717] audit: type=2000 audit(1548733049.770:1): state=initialized audit_enabled=0 res=1
[    0.212010] cpuidle: using governor ladder
[    0.213306] cpuidle: using governor menu
[    0.214582] ACPI: bus type PCI registered
[    0.216004] acpiphp: ACPI Hot Plug PCI Controller Driver version: 0.5
[    0.218050] PCI: Using configuration type 1 for base access
[    0.221006] HugeTLB registered 2.00 MiB page size, pre-allocated 0 pages
[    0.224118] ACPI: Added _OSI(Module Device)
[    0.225343] ACPI: Added _OSI(Processor Device)
[    0.228004] ACPI: Added _OSI(3.0 _SCP Extensions)
[    0.229437] ACPI: Added _OSI(Processor Aggregator Device)
[    0.231076] ACPI: Added _OSI(Linux-Dell-Video)
[    0.232009] ACPI: Added _OSI(Linux-Lenovo-NV-HDMI-Audio)
[    0.234097] ACPI: Executed 1 blocks of module-level executable AML code
[    0.240572] ACPI: Interpreter enabled
[    0.242112] ACPI: (supports S0 S5)
[    0.243251] ACPI: Using IOAPIC for interrupt routing
[    0.244219] PCI: Using host bridge windows from ACPI; if necessary, use "pci=nocrs" and report a bug
[    0.247234] ACPI: Enabled 2 GPEs in block 00 to 07
[    0.256091] ACPI: PCI Root Bridge [PCI0] (domain 0000 [bus 00-ff])
[    0.260038] acpi PNP0A03:00: _OSC: OS supports [ASPM ClockPM Segments MSI]
[    0.262667] acpi PNP0A03:00: _OSC: not requesting OS control; OS requires [ExtendedConfig ASPM ClockPM MSI]
[    0.264018] acpi PNP0A03:00: fail to add MMCONFIG information, can't access extended PCI configuration space under this bridge.
[    0.268588] PCI host bridge to bus 0000:00
[    0.272017] pci_bus 0000:00: root bus resource [io  0x0000-0x0cf7 window]
[    0.276009] pci_bus 0000:00: root bus resource [io  0x0d00-0xffff window]
[    0.280008] pci_bus 0000:00: root bus resource [mem 0x000a0000-0x000bffff window]
[    0.284009] pci_bus 0000:00: root bus resource [mem 0x40000000-0xfdffffff window]
[    0.288010] pci_bus 0000:00: root bus resource [bus 00-ff]
[    0.294673] pci 0000:00:01.1: legacy IDE quirk: reg 0x10: [io  0x01f0-0x01f7]
[    0.296009] pci 0000:00:01.1: legacy IDE quirk: reg 0x14: [io  0x03f6]
[    0.300008] pci 0000:00:01.1: legacy IDE quirk: reg 0x18: [io  0x0170-0x0177]
[    0.304006] pci 0000:00:01.1: legacy IDE quirk: reg 0x1c: [io  0x0376]
[    0.327038] pci 0000:00:07.0: quirk: [io  0x4000-0x403f] claimed by PIIX4 ACPI
[    0.328034] pci 0000:00:07.0: quirk: [io  0x4100-0x410f] claimed by PIIX4 SMB
[    0.343459] ACPI: PCI Interrupt Link [LNKA] (IRQs 5 9 10 *11)
[    0.344379] ACPI: PCI Interrupt Link [LNKB] (IRQs 5 9 *10 11)
[    0.348186] ACPI: PCI Interrupt Link [LNKC] (IRQs 5 *9 10 11)
[    0.352182] ACPI: PCI Interrupt Link [LNKD] (IRQs 5 9 10 *11)
[    0.360141] SCSI subsystem initialized
[    0.361917] pci 0000:00:02.0: vgaarb: setting as boot VGA device
[    0.362061] pci 0000:00:02.0: vgaarb: VGA device added: decodes=io+mem,owns=io+mem,locks=none
[    0.364012] pci 0000:00:02.0: vgaarb: bridge control possible
[    0.368007] vgaarb: loaded
[    0.372057] ACPI: bus type USB registered
[    0.376049] usbcore: registered new interface driver usbfs
[    0.380042] usbcore: registered new interface driver hub
[    0.384048] usbcore: registered new device driver usb
[    0.388096] EDAC MC: Ver: 3.0.0
[    0.392405] PCI: Using ACPI for IRQ routing
[    0.400339] NetLabel: Initializing
[    0.404007] NetLabel:  domain hash size = 128
[    0.408096] NetLabel:  protocols = UNLABELED CIPSOv4 CALIPSO
[    0.412035] NetLabel:  unlabeled traffic allowed by default
[    0.416085] clocksource: Switched to clocksource kvm-clock
[    0435269] VFS: Disk quotas dquot_6.6.0
[    0.461735] VFS: Dquot-cache hash table entries: 512 (order 0, 4096 bytes)
[    0.464884] AppArmor: AppArmor Filesystem Enabled
[    0.466439] pnp: PnP ACPI init
[    0.469388] pnp: PnP ACPI: found 3 devices

[    0.483614] clocksource: acpi_pm: mask: 0xffffff max_cycles: 0xffffff, max_idle_ns: 2085701024 ns
[    0.486716] NET: Registered protocol family 2
[    0.492355] TCP established hash table entries: 8192 (order: 4, 65536 bytes)
[    0.495606] TCP bind hash table entries: 8192 (order: 5, 131072 bytes)
[    0.498609] TCP: Hash tables configured (established 8192 bind 8192)
[    0.01299 UDP hsh tble entres: 512 (order: 2 16384 ytes)[   0.67584] DP-Lit has tabe enri: 51 (orer: , 1634 bytes)[    1.06791 NET: Registred rotool faily 1
[    .161] pci 000:00:00.0: Limitig dirct PCI/PCI transfers
[    1.356103] pci 0000:00:01.0: Activating ISA DMA hang workarounds
[    1.358293] pci 0000:00:02.0: Video device with shadoweROM at[m 0x00c0000-0x000dffff]
[    1.49750] Unpacking initramfs...
[    1.866834] Freeing initrd memory: 19528K
[    1.868604] platform rtc_cmos: registered platform RTC device (no PNP device found)
[    1.880356] Scanning for low memory corruption every 60 seconds
[    1.883414] Initialise system trusted keyrings
[    1.885048] Key type blacklist registered
[    1.886836] workingset: timestamp_bits=36 max_order=18 bucket_order=0
[    1.898516] zbud: loaded
[    1.900005] squashfs: version 4.0 (2009/01/31) Phillip Lougher
[    1.902209] fuse init (API version 7.26)
[    1.910950] Key type asymmetric registered
[    1.912510] Asymmetric key parser 'x509' registered
[    1.914088] Block layer SCSI generic (bsg) driver version 0.4 loaded (major 246)
[    1.916105] io scheduler noop registered
[    1.917321] io scheduler deadline registered
[    1.918665] io scheduler cfq registered (default)
[    1.929279] ACPI: AC Adapter [AC] (off-line)
[    1.933509] input: Power Button as /devices/LNXSYSTM:00/LNXPWRBN:00/input/input0
[    1.937795] ACPI: Power Button [PWRF]
[    1.941654] input: Sleep Button as /devices/LNXSYSTM:00/LNXSLPBN:00/input/input1
[    1.966727] ACPI: Sleep Button [SLPF]
[    1.971217] ACPI: Battery Slot [BAT0] (battery present)
[    1.976845] Serial: 8250/16550 driver, 32 ports, IRQ sharing enabld

[    2.006969] 00:02: ttyS0 at I/O 0x3f8 (irq = 4, base_baud = 115200) is a 16550A
[    2.035683] Linux agpgart interface v0.103
[    2.054718] loop: module loaded
[    2.074598] scsi host0: ata_piix
[    2.084958] scsi host1: ata_piix
[    2.091471] ata1: PATA max UDMA/33 cmd 0x1f0 ctl 0x3f6 bmdma 0xd000 irq 14
[    2.101824] ata2: PATA max UDMA/33 cmd 0x170 ctl 0x376 bmdma 0xd008 irq 15
[    2.114592] libphy: Fixed MDIO Bus: probed
[    2.120416] tun: Universal TUN/TAP device driver, 1.6
[    2.139392] PPP generic driver version 2.4.2
[    2.140714] ehci_hcd: USB 2.0 'Enhanced' Host Controller (EHCI) Driver
[    2.142530] ehci-pci: EHCI PCI platform driver
[    2.143865] ehci-platform: EHCI generic platform driver
[    2.158822] ohci_hcd: USB 1.1 'Open' Host Controller (OHCI) Driver
[    2.167172] ohci-pci: OHCI PCI platform driver
[    2.179139] ohci-platform: OHCI generic platform driver
[    2.185949] uhci_hcd: USB Universal Host Controller Interface driver
[    2.187581] i8042: PNP: PS/2 Controller [PNP0303:PS2K,PNP0f03:PS2M] at 0x60,0x64 irq 1,12
[    2.197087] serio: i8042 KBD port at 0x60,0x64 irq 1
[    2.198587] serio: i8042 AUX port at 0x60,0x64 irq 12
[    2.199996] mousedev: PS/2 mouse device common for all mice
[    2.201897] input: AT Translated Set 2 keyboard as /devices/platform/i8042/serio0/input/input2
[    2.204869] rtc_cmos rtc_cmos: rtc core: registered rtc_cmos as rtc0
[    2.206752] rtc_cmos rtc_cmos: alarms up to one day, 114 bytes nvram
[    2.213114] i2c /dev entries driver
[    2.219621] pcie_mp2_amd: AMD(R) PCI-E MP2 Communication Driver Version: 1.0
[    2.225017] device-mapper: uevent: version 1.0.3
[    2.232554] device-mapper: ioctl: 4.37.0-ioctl (2017-09-20) initialised: dm-devel@redhat.com
[    2.235076] ledtrig-cpu: registered to indicate activity on CPUs
[    2.237474] NET: Registered protocol family 10
[    2.243606] Segment Routing with IPv6
[    2.277632] NET: Registered protocol family 17
[    2.304547] Key type dns_resolver registered
[    2.329048] RAS: Correctable Errors collector initialized.
[    2.340293] sched_clock: Marking stable (2340263624, 0)->(8776525601, -6436261977)
[    2.376115] registered taskstats version 1
[    2.394515] Loading compiled-in X.509 certificates
[    2.401204] Loaded X.509 cert 'Build time autogenerated kernel key: 6afcca3ddc80072aeae87585a7fdb65d40603f58'
[    2.484858] zswap: loaded using pool lzo/zbud
[    2.506186] Key type big_key registered
[    2.561029] Key type trusted registered
[    2.607321] Key type encrypted registered
[    2.652447] AppArmor: AppArmor sha1 policy hashing enabled
[    2.667012] ima: No TPM chip found, activating TPM-bypass! (rc=-19)
[    2.669645] ima: Allocated hash algorithm: sha1
[    2.671876] evm: HMAC attrs: 0x1
[    2.673549]   Magic number: 3:46:615
[    2.674939] misc tun: hash matches
[    2.676360] rtc_cmos rtc_cmos: setting system clock to 2019-01-29 03:37:32 UTC (1548733052)
[    2.682002] BIOS EDD facility v0.16 2004-Jun-25, 0 devices found
[    2.683862] EDD information not available.
[    2.688039] Freeing unused kernel memory: 2408K
[    2.704100] Write protecting the kernel read-only data: 20480k
[    2.706459] Freeing unused kernel memory: 2008K
[    2.710463] Freeing unused kernel memory: 1892K
[    2.716516] x86/mm: Checked W+X mappings: passed, no W+X pages found.
[    2.718071] x86/mm: Checking user space page tables
[    2.723176] x86/mm: Checked W+X mappings: passed, no W+X pages found.
Loading, please wait...
starting version 237
[    2.873709] Fusion MPT base driver 3.04.20
[    2.895382] Copyright (c) 1999-2008 LSI Corporation
[    2.933040] tsc: Refined TSC clocksource calibration: 2303.627 MHz
[    2.953040] clocksource: tsc: mask: 0xffffffffffffffff max_cycles: 0x2134975c57b, max_idle_ns: 440795235209 ns
[    2.953148] vboxvideo: loading out-of-tree module taints kernel.
[    2.953168] vboxvideo: module verification failed: signature and/or required key missing - tainting kernel
[    3.085471] e1000: Intel(R) PRO/1000 Network Driver - version 7.3.21-k8-NAPI
[    3.130329] e1000: Copyright (c) 1999-2006 Intel Corporation.
[    3.140901] Fusion MPT SPI Host driver 3.04.20
[    3.146310] AVX2 version of gcm_enc/dec engaged.
[    3.176891] AES CTR mode by8 optimization enabled
[    3.192469] mptbase: ioc0: Initiating bringup
[    3.349554] input: ImExPS/2 Generic Explorer Mouse as /devices/platform/i8042/serio1/input/input4
[    3.350985] ioc0: LSI53C1030 A0: Capabilities={Initiator}
[    3.621191] scsi host2: ioc0: LSI53C1030 A0, FwRev=00000000h, Ports=1, MaxQ=256, IRQ=20
[    3.901650] scsi 2:0:0:0: Direct-Access     VBOX     HARDDISK         1.0  PQ: 0 ANSI: 5
[    3.902452] [drm] VRAM 01000000
[    3.902648] [TTM] Zone  kernel: Available graphics memory: 504464 kiB
[    3.902649] [TTM] Initializing pool allocator
[    3.902652] [TTM] Initializing DMA pool allocator
[    4.257389] fbcon: vboxdrmfb (fb0) is primary device
[    4.260381] Console: switching to colour frame buffer device 100x37
[    4.357634] vboxvideo 0000:00:02.0: fb0: vboxdrmfb frame buffer device
[    4.412154] scsi target2:0:0: Beginning Domain Validation
[    4.498877] scsi target2:0:0: Domain Validation skipping write tests
[    4.500256] scsi target2:0:0: Ending Domain Validation
[    4.501418] scsi target2:0:0: asynchronous
[    4.502967] scsi 2:0:1:0: Direct-Access     VBOX     HARDDISK         1.0  PQ: 0 ANSI: 5
[    4.508423] [drm] Initialized vboxvideo 1.0.0 20130823 for 0000:00:02.0 on minor 0
[    4.552621] scsi target2:0:1: Beginning Domain Validation
[    4.572668] random: fast init done
[    4.583888] scsi target2:0:1: Domain Validation skipping write tests
[    4.591431] scsi target2:0:1: Ending Domain Validation
[    4.599068] scsi target2:0:1: asynchronous
[    4.619429] sd 2:0:0:0: Attached scsi generic sg0 type 0
[    4.619506] random: systemd-udevd: uninitialized urandom read (16 bytes read)
[    4.619603] random: systemd-udevd: uninitialized urandom read (16 bytes read)
[    4.619606] random: systemd-udevd: uninitialized urandom read (16 bytes read)
[    4.619661] sd 2:0:0:0: [sda] 20971520 512-byte logical blocks: (10.7 GB/10.0 GiB)
[    4.624594] sd 2:0:0:0: [sda] Write Protect is off
[    4.630205] sd 2:0:0:0: [sda] Incomplete mode parameter data
[    4.630207] sd 2:0:0:0: [sda] Assuming drive cache: write through
[    4.641365]  sda: sda1
[    4.652217] sd 2:0:0:0: [sda] Attached SCSI disk
[    4.653690] sd 2:0:1:0: Attached scsi generic sg1 type 0
[    4.655536] sd 2:0:1:0: [sdb] 20480 512-byte logical blocks: (10.5 MB/10.0 MiB)
[    4.657779] sd 2:0:1:0: [sdb] Write Protect is off
[    4.659488] sd 2:0:1:0: [sdb] Incomplete mode parameter data
[    4.661392] sd 2:0:1:0: [sdb] Assuming drive cache: write through
[    4.672405] sd 2:0:1:0: [sdb] Attached SCSI disk
[    4.991539] e1000 0000:00:03.0 eth0: (PCI:33MHz:32-bit) 02:2f:73:ea:27:92
[    5.171268] e1000 0000:00:03.0 eth0: Intel(R) PRO/1000 Network Connection
[    5.702541] e1000 0000:00:08.0 eth1: (PCI:33MHz:32-bit) 08:00:27:af:f0:b5
[    6.214302] e1000 0000:00:08.0 eth1: Intel(R) PRO/1000 Network Connection
[    6.276970] e1000 0000:00:08.0 enp0s8: renamed from eth1
[    6.345227] e1000 0000:00:03.0 enp0s3: renamed from eth0
Begin: Loading essential drivers ... [    6.512141] raid6: sse2x1   gen() 11200 MB/s
[    6.568509] raid6: sse2x1   xor()  8441 MB/s
[    6.660283] raid6: sse2x2   gen() 14379 MB/s
[    6.748311] raid6: sse2x2   xor() 10254 MB/s
[    6.836265] raid6: sse2x4   gen() 15508 MB/s
[    6.900199] raid6: sse2x4   xor() 11118 MB/s
[    6.988047] raid6: avx2x1   gen() 23877 MB/s
[    7.088166] raid6: avx2x1   xor() 14931 MB/s
[    7.136164] raid6: avx2x2   gen() 25904 MB/s
[    7.184278] raid6: avx2x2   xor() 17098 MB/s
[    7.276246] raid6: avx2x4   gen() 32546 MB/s
[    7.332281] raid6: avx2x4   xor() 21232 MB/s
[    7.352907] raid6: using algorithm avx2x4 gen() 32546 MB/s
[    7.412886] raid6: .... xor() 21232 MB/s, rmw enabled
[    7.419660] raid6: using avx2x2 recovery algorithm
[    7.421906] xor: automatically using best checksumming function   avx       
[    7.460793] async_tx: api initialized (async)
done.
Begin: Running /scripts/init-premount ... done.[    7.543768] Btrfs loaded, crc32c=crc32c-intel

Begin: Mounting root file system ... Begin: Running /scripts/local-top ... done.
Begin: Running /scripts/local-premount ... Scanning for Btrfs filesystems
done.
Warning: fsck not present, so skipping root file system
[    7.611626] EXT4-fs (sda1): mounted filesystem with ordered data mode. Opts: (null)
done.
Begin: Running /scripts/local-bottom ... done.
Begin: Running /scripts/init-bottom ... done.
[    7.812579] ip_tables: (C) 2000-2006 Netfilter Core Team
[    7.822870] systemd[1]: systemd 237 running in system mode. (+PAM +AUDIT +SELINUX +IMA +APPARMOR +SMACK +SYSVINIT +UTMP +LIBCRYPTSETUP +GCRYPT +GNUTLS +ACL +XZ +LZ4 +SECCOMP +BLKID +ELFUTILS +KMOD -IDN2 +IDN -PCRE2 default-hierarchy=hybrid)
[    7.828212] systemd[1]: Detected virtualization oracle.
[    7.829580] systemd[1]: Detected architecture x86-64.

Welcome to [1mUbuntu 18.04.1 LTS[0m!

[    7.840237] systemd[1]: Set hostname to <ubuntu-bionic>.
[    8.114242] systemd[1]: Created slice User and Session Slice.
[[0;32m  OK  [0m] Created slice User and Session Slice.
[    8.117943] systemd[1]: Set up automount Arbitrary Executable File Formats File System Automount Point.
[[0;32m  OK  [0m] Set up automount Arbitrary Executab…rmats File System Automount Point.
[    8.123000] systemd[1]: Started Forward Password Requests to Wall Directory Watch.
[[0;32m  OK  [0m] Started Forward Password Requests to Wall Directory Watch.
[    8.127089] systemd[1]: Reached target Swap.
[[0;32m  OK  [0m] Reached target Swap.
[    8.132945] systemd[1]: Created slice System Slice.
[[0;32m  OK  [0m] Created slice System Slice.
[    8.136054] systemd[1]: Listening on Device-mapper event daemon FIFOs.
[[0;32m  OK  [0m] Listening on Device-mapper event daemon FIFOs.
[[0;32m  OK  [0m] Listening on Journal Audit Socket.
[[0;32m  OK  [0m] Listening on Syslog Socket.
[[0;32m  OK  [0m] Listening on Journal Socket (/dev/log).
[[0;32m  OK  [0m] Created slice system-serial\x2dgetty.slice.
[[0;32m  OK  [0m] Reached target System Time Synchronized.
[[0;32m  OK  [0m] Reached target Slices.
[[0;32m  OK  [0m] Reached target User and Group Name Lookups.
[[0;32m  OK  [0m] Listening on LVM2 poll daemon socket.
[[0;32m  OK  [0m] Listening on Journal Socket.
         Starting Remount Root and Kernel File Systems...
         Starting Uncomplicated firewall...
         Mounting Huge Pages File System...
         Starting Set the console keyboard layout...
         Mounting Kernel Debug File System...
         Mounting POSIX Message Queue Fil[    8.260995] EXT4-fs (sda1): re-mounted. Opts: (null)
e System...
[[0;32m  OK  [0m] Listening on Network Service Netlink Socket.
[[0;32m  OK  [0m] Listening on /dev/initctl Compatibility Named Pipe.
         Starting Load Kernel Modules...
         Startin[    8.346704] Loading iSCSI transport class v2.0-870.
g Create list of required st…ce nodes for the [    8.406373] iscsi: registered transport (tcp)
current kernel...
[[0;32m  OK  [0m] Listening on udev Control Socket.
[[0;32m  OK  [0m] Listening on udev Kernel Soc[    8.479411] iscsi: registered transport (iser)
ket.
         Starting udev Coldplug all Devices...
[[0;32m  OK  [0m] Listening on LVM2 metadata daemon socket.
         Starting Monitoring of LVM2 mirrors…ng dmeventd or progress polling...
         Starting Journal Service...
[[0;32m  OK  [0m] Started Journal Service.
[[0;32m  OK  [0m] Started Remount Root and Kernel File Systems.
[[0;32m  OK  [0m] Started Uncomplicated firewall.
[[0;32m  OK  [0m] Mounted Huge Pages File System.
[[0;32m  OK  [0m] Started Set the console keyboard layout.
[[0;32m  OK  [0m] Mounted Kernel Debug File System.
[[0;32m  OK  [0m] Mounted POSIX Message Queue File System.
[[0;32m  OK  [0m] Started Load Kernel Modules.
[[0;32m  OK  [0m] Started Create list of required sta…vice nodes for the current kernel.
[[0;32m  OK  [0m] Started LVM2 metadata daemon.
         Starting Create Static Device Nodes in /dev...
         Mounting FUSE Control File System...
         Starting Apply Kernel Variables...
         Mounting Kernel Configuration File System...
         Starting Initial cloud-init job (pre-networking)...
         Starting Load/Save Random Seed...
         Starting Flush Journal to Persistent Storage...
[[0;32m  OK  [0m] Started Monitoring of LVM2 mirrors,…sing dmeventd or progress polling.
[[0;32m  OK  [0m] Started udev Coldplug all Devices.
[[0;32m  OK  [0m] Started Create Static Device Nodes in /dev.
[[0;32m  OK  [0m] Mounted FUSE Control File System.
[[0;32m  OK  [0m] Started Apply Kernel Variables.
[[0;32m  OK  [0m] Mounted Kernel Configuration File System.
[[0;32m  OK  [0m] Started Load/Save Random Seed.
         Starting udev Kernel Device Manager...
[[0;32m  OK  [0m] Reached target Local File Systems (Pre).
[[0;32m  OK  [0m] Reached target Local File Systems.
         Starting Tell Plymouth To Write Out Runtime Data...
         Starting ebtables ruleset management...
         Starting Set console font and keymap...
         Starting AppArmor initialization...
[[0;32m  OK  [0m] Started udev Kernel Device Manager.
[[0;32m  OK  [0m] Started Dispatch Password Requests to Console Directory Watch.
[[0;32m  OK  [0m] Reached target Local Encrypted Volumes.
[[0;32m  OK  [0m] Started Tell Plymouth To Write Out Runtime Data.
[[0;32m  OK  [0m] Started Set console font and keymap.
[[0;32m  OK  [0m] Found device /dev/ttyS0.
[[0;32m  OK  [0m] Started ebtables ruleset management.
[[0;32m  OK  [0m] Listening on Load/Save RF Kill Switch Status /dev/rfkill Watch.
[[0;32m  OK  [0m] Started Flush Journal to Persistent Storage.
         Starting Create Volatile Files and Directories...
[[0;32m  OK  [0m] Started Create Volatile Files and Directories.
         Starting Update UTMP about System Boot/Shutdown...
[[0;32m  OK  [0m] Started Update UTMP about System Boot/Shutdown.
[[0;32m  OK  [0m] Started AppArmor initialization.
[   10.728820] cloud-init[430]: Cloud-init v. 18.4-0ubuntu1~18.04.1 running 'init-local' at Tue, 29 Jan 2019 03:37:40 +0000. Up 10.53 seconds.
[[0;32m  OK  [0m] Started Initial cloud-init job (pre-networking).
[[0;32m  OK  [0m] Reached target Network (Pre).
         Starting Network Service...
[[0;32m  OK  [0m] Started Network Service.
         Starting Network Name Resolution...
         Starting Wait for Network to be Configured...
[[0;32m  OK  [0m] Started Network Name Resolution.
[[0;32m  OK  [0m] Reached target Host and Network Name Lookups.
[[0;32m  OK  [0m] Reached target Network.
[[0;32m  OK  [0m] Started Wait for Network to be Configured.
         Starting Initial cloud-init job (metadata service crawler)...
[   13.714821] cloud-init[713]: Cloud-init v. 18.4-0ubuntu1~18.04.1 running 'init' at Tue, 29 Jan 2019 03:37:43 +0000. Up 13.37 seconds.
[   13.726356] cloud-init[713]: ci-info: ++++++++++++++++++++++++++++++++++++++Net device info+++++++++++++++++++++++++++++++++++++++
[   13.744837] cloud-init[713]: ci-info: +--------+------+-----------------------------+---------------+--------+-------------------+
[   13.751070] cloud-init[713]: ci-info: | Device |  Up  |           Address           |      Mask     | Scope  |     Hw-Address    |
[   13.780197] cloud-init[713]: ci-info: +--------+------+-----------------------------+---------------+--------+-------------------+
[   13.802799] cloud-init[713]: ci-info: | enp0s3 | True |          10.0.2.15          | 255.255.255.0 | global | 02:2f:73:ea:27:92 |
[   13.819508] cloud-init[713]: ci-info: | enp0s3 | True |  fe80::2f:73ff:feea:2792/64 |       .       |  link  | 02:2f:73:ea:27:92 |
[   13.835164] cloud-init[713]: ci-info: | enp0s8 | True |        192.168.33.10        | 255.255.255.0 | global | 08:00:27:af:f0:b5 |
[   13.849446] cloud-init[713]: ci-info: | enp0s8 | True | fe80::a00:27ff:feaf:f0b5/64 |       .       |  link  | 08:00:27:af:f0:b5 |
[   13.856533] cloud-init[713]: ci-info: |   lo   | True |          127.0.0.1          |   255.0.0.0   |  host  |         .         |
[   13.867561] cloud-init[713]: ci-info: |   lo   | True |           ::1/128           |       .       |  host  |         .         |
[   13.873331] cloud-init[713]: ci-info: +--------+------+-----------------------------+---------------+--------+-------------------+
[   13.877732] cloud-init[713]: ci-info: +++++++++++++++++++++++++++++Route IPv4 info+++++++++++++++++++++++++++++
[   13.891325] cloud-init[713]: ci-info: +-------+--------------+----------+-----------------+-----------+-------+
[   13.898814] cloud-init[713]: ci-info: | Route | Destination  | Gateway  |     Genmask     | Interface | Flags |
[   13.919649] cloud-init[713]: ci-info: +-------+--------------+----------+-----------------+-----------+-------+
[   13.931213] cloud-init[713]: ci-info: |   0   |   0.0.0.0    | 10.0.2.2 |     0.0.0.0     |   enp0s3  |   UG  |
[   13.934158] cloud-init[713]: ci-info: |   1   |   10.0.2.0   | 0.0.0.0  |  255.255.255.0  |   enp0s3  |   U   |
[   13.938211] cloud-init[713]: ci-info: |   2   |   10.0.2.2   | 0.0.0.0  | 255.255.255.255 |   enp0s3  |   UH  |
[   13.948669] cloud-init[713]: ci-info: |   3   | 192.168.33.0 | 0.0.0.0  |  255.255.255.0  |   enp0s8  |   U   |
[   13.961481] cloud-init[713]: ci-info: +-------+--------------+----------+-----------------+-----------+-------+
[   13.967910] cloud-init[713]: ci-info: +++++++++++++++++++Route IPv6 info+++++++++++++++++++
[   13.971843] cloud-init[713]: ci-info: +-------+-------------+---------+-----------+-------+
[   13.975774] cloud-init[713]: ci-info: | Route | Destination | Gateway | Interface | Flags |
[   13.996273] cloud-init[713]: ci-info: +-------+-------------+---------+-----------+-------+
[   13.998652] cloud-init[713]: ci-info: |   1   |  fe80::/64  |    ::   |   enp0s3  |   U   |
[   14.012364] cloud-init[713]: ci-info: |   2   |  fe80::/64  |    ::   |   enp0s8  |   U   |
[   14.024688] cloud-init[713]: ci-info: |   4   |    local    |    ::   |   enp0s3  |   U   |
[   14.031984] cloud-init[713]: ci-info: |   5   |    local    |    ::   |   enp0s8  |   U   |
[   14.047165] cloud-init[713]: ci-info: |   6   |   ff00::/8  |    ::   |   enp0s3  |   U   |
[   14.050535] cloud-init[713]: ci-info: |   7   |   ff00::/8  |    ::   |   enp0s8  |   U   |
[   14.057274] cloud-init[713]: ci-info: +-------+-------------+---------+-----------+-------+
[[0;32m  OK  [0m] Started Initial cloud-init job (metadata service crawler).
[[0;32m  OK  [0m] Reached target Cloud-config availability.
[[0;32m  OK  [0m] Reached target System Initialization.
[[0;32m  OK  [0m] Started Daily apt download activities.
[[0;32m  OK  [0m] Started Daily apt upgrade and clean activities.
[[0;32m  OK  [0m] Started Daily Cleanup of Temporary Directories.
[[0;32m  OK  [0m] Started Discard unused blocks once a week.
[[0;32m  OK  [0m] Listening on D-Bus System Message Bus Socket.
[[0;32m  OK  [0m] Started ACPI Events Check.
[[0;32m  OK  [0m] Listening on ACPID Listen Socket.
         Starting LXD - unix socket.
         Starting Socket activation for snappy daemon.
[[0;32m  OK  [0m] Listening on UUID daemon activation socket.
[[0;32m  OK  [0m] Listening on Open-iSCSI iscsid Socket.
[[0;32m  OK  [0m] Started Message of the Day.
[[0;32m  OK  [0m] Reached target Timers.
[[0;32m  OK  [0m] Reached target Paths.
[[0;32m  OK  [0m] Reached target Network is Online.
         Starting Availability of block devices...
[[0;32m  OK  [0m] Reached target Remote File Systems (Pre).
[[0;32m  OK  [0m] Reached target Remote File Systems.
[[0;32m  OK  [0m] Listening on LXD - unix socket.
[[0;32m  OK  [0m] Listening on Socket activation for snappy daemon.
[[0;32m  OK  [0m] Started Availability of block devices.
[[0;32m  OK  [0m] Reached target Sockets.
[[0;32m  OK  [0m] Reached target Basic System.
         Starting Snappy daemon...
         Starting Login Service...
[[0;32m  OK  [0m] Started FUSE filesystem for LXC.
[[0;32m  OK  [0m] Started Deferred execution scheduler.
         Starting Accounts Service...
         Starting Dispatcher daemon for systemd-networkd...
         Starting System Logging Service...
         Starting vboxadd.service...
[[0;32m  OK  [0m] Started Regular background program processing daemon.
[[0;32m  OK  [0m] Started D-Bus System Message Bus.
[[0;32m  OK  [0m] Started Login Service.
         Starting LSB: automatic crash report generation...
[[0;32m  OK  [0m] Started irqbalance daemon.
         Starting Permit User Sessions...
         Starting LSB: Record successful boot for GRUB...
         Starting LXD - container startup/shutdown...
         Starting OpenBSD Secure Shell server...
[[0;32m  OK  [0m] Started Unattended Upgrades Shutdown.
[[0;32m  OK  [0m] Started Snappy daemon.
[[0;32m  OK  [0m] Started System Logging Service.
[[0;32m  OK  [0m] Started Dispatcher daemon for systemd-networkd.
[[0;32m  OK  [0m] Started Permit User Sessions.
[[0;32m  OK  [0m] Started LXD - container startup/shutdown.
         Starting Authorization Manager...
         Starting Hold until boot process finishes up...
         Starting Terminate Plymouth Boot Screen...
         Starting Wait until snapd is fully seeded...
[[0;32m  OK  [0m] Started Hold until boot process finishes up.
[[0;32m  OK  [0m] Started LSB: automatic crash report generation.
[[0;32m  OK  [0m] Started LSB: Record successful boot for GRUB.
[[0;32m  OK  [0m] Started Terminate Plymouth Boot Screen.
[[0;32m  OK  [0m] Started Authorization Manager.
[[0;32m  OK  [0m] Started Accounts Service.
[[0;32m  OK  [0m] Started OpenBSD Secure Shell server.
         Starting Set console scheme...
[[0;32m  OK  [0m] Started Serial Getty on ttyS0.
[[0;32m  OK  [0m] Started Wait until snapd is fully seeded.
         Starting Apply the settings specified in cloud-config...
[[0;32m  OK  [0m] Started Set console scheme.
[[0;32m  OK  [0m] Created slice system-getty.slice.
[[0;32m  OK  [0m] Started Getty on tty1.
[[0;32m  OK  [0m] Reached target Login Prompts.
[[0;32m  OK  [0m] Created slice User Slice of vagrant.
         Starting User Manager for UID 1000...
[[0;32m  OK  [0m] Started Session 1 of user vagrant.
[[0;32m  OK  [0m] Started vboxadd.service.
         Starting vboxadd-service.service...
[[0;32m  OK  [0m] Started User Manager for UID 1000.
[   16.057918] cloud-init[1113]: Cloud-init v. 18.4-0ubuntu1~18.04.1 running 'modules:config' at Tue, 29 Jan 2019 03:37:45 +0000. Up 15.93 seconds.
[[0;32m  OK  [0m] Started vboxadd-service.service.
[[0;32m  OK  [0m] Reached target Multi-User System.
[[0;32m  OK  [0m] Reached target Graphical Interface.
         Starting Update UTMP about System Runlevel Changes...
[[0;32m  OK  [0m] Started Update UTMP about System Runlevel Changes.
[[0;32m  OK  [0m] Started Apply the settings specified in cloud-config.
         Starting Execute cloud user/final scripts...
[   16.653612] cloud-init[1271]: Cloud-init v. 18.4-0ubuntu1~18.04.1 running 'modules:final' at Tue, 29 Jan 2019 03:37:46 +0000. Up 16.52 seconds.
[   16.680616] cloud-init[1271]: Cloud-init v. 18.4-0ubuntu1~18.04.1 finished at Tue, 29 Jan 2019 03:37:46 +0000. Datasource DataSourceNoCloud [seed=/dev/sdb][dsmode=net].  Up 16.64 seconds
[[0;32m  OK  [0m] Started Execute cloud user/final scripts.
[[0;32m  OK  [0m] Reached target Cloud-init target.

Ubuntu 18.04.1 LTS ubuntu-bionic ttyS0

ubuntu-bionic login: [12647.690941] general protection fault: 0000 [#1] SMP PTI
[12647.695204] Modules linked in: vboxsf(OE) isofs input_leds serio_raw vboxguest(OE) video sch_fq_codel ib_iser rdma_cm iw_cm ib_cm ib_core iscsi_tcp libiscsi_tcp libiscsi scsi_transport_iscsi ip_tables x_tables autofs4 btrfs zstd_compress raid10 raid456 async_raid6_recov async_memcpy async_pq async_xor async_tx xor raid6_pq libcrc32c raid1 raid0 multipath linear crct10dif_pclmul crc32_pclmul ghash_clmulni_intel pcbc aesni_intel aes_x86_64 crypto_simd glue_helper mptspi cryptd scsi_transport_spi psmouse mptscsih e1000 vboxvideo(OE) drm_kms_helper mptbase syscopyarea sysfillrect sysimgblt fb_sys_fops ttm drm
[12647.883676] CPU: 1 PID: 3095 Comm: puma 005 Tainted: G           OE    4.15.0-43-generic #46-Ubuntu
[12648.032429] Hardware name: innotek GmbH VirtualBox/VirtualBox, BIOS VirtualBox 12/01/2006
[12648.140099] RIP: 0010:__kmalloc+0xc9/0x220
[12648.187956] RSP: 0018:ffffbe6a816bf580 EFLAGS: 00010202
[12648.189210] RAX: 0000000000000000 RBX: 76c9c9533e2395ab RCX: 00000000002fa35f
[12648.206649] RDX: 00000000002fa35e RSI: 0000000000000000 RDI: 00000000000270e0
[12648.297811] RBP: ffffbe6a816bf5b0 R08: ffff9de2fdb34600 R09: ffff9de2fe003500
[12648.478485] R10: 0000000000000058 R11: 893654b1c390d3ab R12: ffff9de2fdb34600
[12648.552322] R13: 00000000014002c0 R14: 0000000000000068 R15: ffff9de2fe003500
[12648.558908] FS:  00007ffb34816700(0000) GS:ffff9de2ffd00000(0000) knlGS:0000000000000000
[12648.562523] CS:  0010 DS: 0000 ES: 0000 CR0: 0000000080050033
[12648.563827] CR2: 00007ffafde7da00 CR3: 000000003a1b8005 CR4: 00000000000606e0
[12648.565295] Call Trace:
[12648.565833]  ? rtR0MemAllocEx+0x189/0x220 [vboxguest]
[12648.566882]  rtR0MemAllocEx+0x189/0x220 [vboxguest]
[12648.567942]  VBoxGuest_RTMemAllocZTag+0x2a/0x60 [vboxguest]
[12648.569093]  rtR0MemObjNew+0x37/0x70 [vboxguest]
[12648.570054]  rtR0MemObjNativeLockKernel+0x82/0x470 [vboxguest]
[12648.571259]  VBoxGuest_RTR0MemObjLockKernelTag+0xa4/0xc0 [vboxguest]
[12648.576800]  VbglR0HGCMInternalCall+0x340/0xeb0 [vboxguest]
[12648.629806]  ? vgdrvHgcmAsyncWaitCallbackWorker+0x210/0x210 [vboxguest]
[12648.703926]  ? __switch_to_asm+0x40/0x70
[12648.707356]  ? __switch_to_asm+0x34/0x70
[12648.717716]  ? __switch_to_asm+0x40/0x70
[12648.760750]  ? __switch_to_asm+0x34/0x70
[12648.762234]  ? __switch_to_asm+0x40/0x70
[12648.763522]  ? __switch_to_asm+0x34/0x70
[12648.769207]  ? __switch_to_asm+0x40/0x70
[12648.770389]  ? __switch_to_asm+0x40/0x70
[12648.771560]  ? __switch_to_asm+0x34/0x70
[12648.773112]  ? __switch_to_asm+0x40/0x70
[12648.774239]  ? __switch_to_asm+0x34/0x70
[12648.778024]  ? __switch_to_asm+0x40/0x70
[12648.784858]  ? __switch_to_asm+0x34/0x70
[12648.785974]  ? __switch_to_asm+0x40/0x70
[12648.792188]  ? __switch_to_asm+0x34/0x70
[12648.833787]  ? __switch_to_asm+0x40/0x70
[12648.860214]  ? __switch_to_asm+0x34/0x70
[12648.865426]  ? __switch_to_asm+0x40/0x70
[12648.913376]  ? __switch_to_asm+0x34/0x70
[12648.972287]  ? __switch_to_asm+0x40/0x70
[12648.995037]  ? __switch_to_asm+0x34/0x70
[12649.057279]  ? __switch_to_asm+0x40/0x70
[12649.058530]  ? __switch_to_asm+0x34/0x70
[12649.095180]  ? __switch_to_asm+0x40/0x70
[12649.141458]  ? __switch_to_asm+0x34/0x70
[12649.178069]  ? __switch_to_asm+0x40/0x70
[12649.181365]  vgdrvIoCtl_HGCMCallWrapper+0x1d3/0x2e0 [vboxguest]
[12649.193914]  VGDrvCommonIoCtl+0x3cd/0x1810 [vboxguest]
[12649.224269]  ? __schedule+0x299/0x8a0
[12649.227085]  VBoxGuestIDC+0x149/0x160 [vboxguest]
[12649.246607]  VbglR0IdcCallRaw+0x13/0x20 [vboxsf]
[12649.262551]  VbglR0HGCMCallRaw+0x44/0xa0 [vboxsf]
[12649.266585]  VbglR0HGCMCall+0x12/0x20 [vboxsf]
[12649.267719]  VbglR0SfCreate+0xaf/0xd0 [vboxsf]
[12649.268809]  sf_stat+0x66/0x110 [vboxsf]
[12649.287434]  sf_inode_revalidate+0x8c/0xe0 [vboxsf]
[12649.339425]  sf_dentry_revalidate+0x13/0x30 [vboxsf]
[12649.367844]  d_revalidate.part.18+0x10/0x20
[12649.375255]  lookup_fast+0x307/0x320
[12649.378507]  walk_component+0x49/0x470
[12649.388601]  link_path_walk+0x1bc/0x5a0
[12649.389675]  ? path_init+0x177/0x2f0
[12649.390765]  path_lookupat+0x56/0x1f0
[12649.391916]  ? VBoxGuestIDC+0x149/0x160 [vboxguest]
[12649.393356]  filename_lookup+0xb6/0x190
[12649.394603]  ? __check_object_size+0xaf/0x1b0
[12649.396017]  ? strncpy_from_user+0x4d/0x170
[12649.397304]  user_path_at_empty+0x36/0x40
[12649.398521]  ? user_path_at_empty+0x36/0x40
[12649.399892]  vfs_statx+0x76/0xe0
[12649.400887]  ? _cond_resched+0x19/0x40
[12649.404503]  SYSC_newstat+0x3d/0x70
[12649.405645]  ? SyS_rename+0xf3/0x3c0
[12649.406884]  SyS_newstat+0xe/0x10
[12649.407911]  do_syscall_64+0x73/0x130
[12649.409083]  entry_SYSCALL_64_after_hwframe+0x3d/0xa2
[12649.411105] RIP: 0033:0x7ffb3d2de775
[12649.413265] RSP: 002b:00007ffb3480c218 EFLAGS: 00000246 ORIG_RAX: 0000000000000004
[12649.415466] RAX: ffffffffffffffda RBX: 0000000000000001 RCX: 00007ffb3d2de775
[12649.421198] RDX: 00007ffb3480c2d0 RSI: 00007ffb3480c2d0 RDI: 00007ffafd1a6010
[12649.423306] RBP: 0000564f278e41c8 R08: 0000000000000000 R09: 00007ffb3da60eb0
[12649.432685] R10: 0000000000000000 R11: 0000000000000246 R12: 0000564f26a8b210
[12649.437059] R13: 00007ffb34816680 R14: 00007ffb3d6503e0 R15: 00007ffb3480c2a0
[12649.439315] Code: 4d 01 e0 4d 8b 18 4d 33 99 40 01 00 00 4c 89 c3 4c 31 db 65 48 0f c7 0f 0f 94 c0 84 c0 74 ac 4d 39 d8 74 14 49 63 41 20 48 01 c3 <48> 33 1b 49 33 99 40 01 00 00 0f 18 0b 41 f7 c5 00 80 00 00 0f 
[12649.450368] RIP: __kmalloc+0xc9/0x220 RSP: ffffbe6a816bf580
[12649.452269] ---[ end trace 772814a5cfd561ca ]---
[12649.454079] general protection fault: 0000 [#2] SMP PTI
[12649.455434] Modules linked in: vboxsf(OE) isofs input_leds serio_raw vboxguest(OE) video sch_fq_codel ib_iser rdma_cm iw_cm ib_cm ib_core iscsi_tcp libiscsi_tcp libiscsi scsi_transport_iscsi ip_tables x_tables autofs4 btrfs zstd_compress raid10 raid456 async_raid6_recov async_memcpy async_pq async_xor async_tx xor raid6_pq libcrc32c raid1 raid0 multipath linear crct10dif_pclmul crc32_pclmul ghash_clmulni_intel pcbc aesni_intel aes_x86_64 crypto_simd glue_helper mptspi cryptd scsi_transport_spi psmouse mptscsih e1000 vboxvideo(OE) drm_kms_helper mptbase syscopyarea sysfillrect sysimgblt fb_sys_fops ttm drm
[12649.480433] CPU: 1 PID: 337 Comm: jbd2/sda1-8 Tainted: G      D    OE    4.15.0-43-generic #46-Ubuntu
[12649.490934] Hardware name: innotek GmbH VirtualBox/VirtualBox, BIOS VirtualBox 12/01/2006
[12649.493331] RIP: 0010:kmem_cache_alloc_node+0xc4/0x1c0
[12649.494941] RSP: 0000:ffffbe6a804239d8 EFLAGS: 00010202
[12649.498404] RAX: 76c9c9533e2395ab RBX: 76c9c9533e2395ab RCX: 00000000002fa360
[12649.508930] RDX: 00000000002fa35f RSI: 0000000000011200 RDI: 00000000000270e0
[12649.510787] RBP: ffffbe6a80423a10 R08: ffff9de2ffd270e0 R09: ffff9de2fe002f00
[12649.512738] R10: ffffbe6a80423c68 R11: 0000000000000800 R12: 0000000000011200
[12649.520459] R13: 76c9c9533e2395ab R14: ffff9de2fe003500 R15: ffff9de2fe003500
[12649.525637] FS:  0000000000000000(0000) GS:ffff9de2ffd00000(0000) knlGS:0000000000000000
[12649.528006] CS:  0010 DS: 0000 ES: 0000 CR0: 0000000080050033
[12649.529791] CR2: 00007f9ba0c53000 CR3: 000000002900a001 CR4: 00000000000606e0
[12649.531968] Call Trace:
[12649.534060]  ? scsi_old_init_rq+0x84/0x100
[12649.535642]  ? wait_woken+0x80/0x80
[12649.542184]  scsi_old_init_rq+0x84/0x100
[12649.543776]  alloc_request_size+0x52/0x70
[12649.545184]  mempool_alloc+0x71/0x190
[12649.546578]  get_request+0x3fa/0x800
[12649.547840]  ? wait_woken+0x80/0x80
[12649.551405]  blk_queue_bio+0x128/0x450
[12649.554831]  generic_make_request+0x124/0x300
[12649.557270]  submit_bio+0x73/0x140
[12649.566811]  ? submit_bio+0x73/0x140
[12649.570587]  ? guard_bio_eod+0x2c/0xf0
[12649.572773]  submit_bh_wbc+0x180/0x1b0
[12649.577210]  submit_bh+0x13/0x20
[12649.579973]  jbd2_journal_commit_transaction+0x64f/0x1720
[12649.582331]  ? __switch_to_asm+0x34/0x70
[12649.585511]  ? __switch_to_asm+0x34/0x70
[12649.588735]  ? finish_task_switch+0x72/0x220
[12649.592847]  kjournald2+0xc8/0x270
[12649.596955]  ? kjournald2+0xc8/0x270
[12649.605518]  ? wait_woken+0x80/0x80
[12649.614324]  kthread+0x121/0x140
[12649.616193]  ? commit_timeout+0x20/0x20
[12649.619074]  ? kthread_create_worker_on_cpu+0x70/0x70
[12649.621263]  ret_from_fork+0x35/0x40
[12649.623207] Code: 49 89 c5 74 54 48 85 c0 74 4f 49 63 57 1c 31 f6 4c 89 ef e8 7f 65 74 00 eb 3f 49 63 5f 20 49 8b 3f 48 8d 4a 01 4c 89 e8 4c 01 eb <48> 33 1b 49 33 9f 40 01 00 00 65 48 0f c7 0f 0f 94 c0 84 c0 0f 
[12649.631582] RIP: kmem_cache_alloc_node+0xc4/0x1c0 RSP: ffffbe6a804239d8
[12649.637155] ---[ end trace 772814a5cfd561cb ]---
[12653.026931] general protection fault: 0000 [#3] SMP PTI
[12653.038031] Modules linked in: vboxsf(OE) isofs input_leds serio_raw vboxguest(OE) video sch_fq_codel ib_iser rdma_cm iw_cm ib_cm ib_core iscsi_tcp libiscsi_tcp libiscsi scsi_transport_iscsi ip_tables x_tables autofs4 btrfs zstd_compress raid10 raid456 async_raid6_recov async_memcpy async_pq async_xor async_tx xor raid6_pq libcrc32c raid1 raid0 multipath linear crct10dif_pclmul crc32_pclmul ghash_clmulni_intel pcbc aesni_intel aes_x86_64 crypto_simd glue_helper mptspi cryptd scsi_transport_spi psmouse mptscsih e1000 vboxvideo(OE) drm_kms_helper mptbase syscopyarea sysfillrect sysimgblt fb_sys_fops ttm drm
[12653.125972] CPU: 1 PID: 966 Comm: irqbalance Tainted: G      D    OE    4.15.0-43-generic #46-Ubuntu
[12653.136504] Hardware name: innotek GmbH VirtualBox/VirtualBox, BIOS VirtualBox 12/01/2006
[12653.160984] RIP: 0010:kmem_cache_alloc_trace+0x85/0x1b0
[12653.167102] RSP: 0018:ffffbe6a80a03b88 EFLAGS: 00010202
[12653.183357] RAX: 76c9c9533e2395ab RBX: 76c9c9533e2395ab RCX: 00000000002fa360
[12653.185276] RDX: 00000000002fa35f RSI: 00000000014080c0 RDI: 00000000000270e0
[12653.202733] RBP: ffffbe6a80a03bc0 R08: ffff9de2ffd270e0 R09: 0000000000000000
[12653.232297] R10: ffff9de2e208de40 R11: 0000000000000000 R12: 00000000014080c0
[12653.259683] R13: ffff9de2fe003500 R14: 76c9c9533e2395ab R15: ffff9de2fe003500
[12653.325821] FS:  00007f0383321f00(0000) GS:ffff9de2ffd00000(0000) knlGS:0000000000000000
[12653.383819] CS:  0010 DS: 0000 ES: 0000 CR0: 0000000080050033
[12653.425614] CR2: 00007f9ba0c53000 CR3: 000000003c9c8004 CR4: 00000000000606e0
[12653.459194] Call Trace:
[12653.461239]  ? seq_open+0x34/0x90
[12653.463170]  ? seq_read+0x430/0x430
[12653.474758]  seq_open+0x34/0x90
[12653.482776]  interrupts_open+0x18/0x20
[12653.486141]  proc_reg_open+0x75/0x130
[12653.533988]  do_dentry_open+0x1c2/0x310
[12653.552816]  ? __inode_permission+0x5b/0x160
[12653.568020]  ? proc_reg_llseek+0x70/0x70
[12653.576011]  vfs_open+0x4f/0x80
[12653.584904]  path_openat+0x66e/0x1770
[12653.588416]  do_filp_open+0x9b/0x110
[12653.589569]  ? call_rcu_sched+0x17/0x20
[12653.590801]  ? __check_object_size+0xaf/0x1b0
[12653.592528]  ? __alloc_fd+0xb2/0x170
[12653.593630]  do_sys_open+0x1bb/0x2c0
[12653.594725]  ? do_sys_open+0x1bb/0x2c0
[12653.595985]  SyS_openat+0x14/0x20
[12653.607850]  do_syscall_64+0x73/0x130
[12653.610363]  entry_SYSCALL_64_after_hwframe+0x3d/0xa2
[12653.611709] RIP: 0033:0x7f03820e2d19
[12653.623947] RSP: 002b:00007ffc9524a000 EFLAGS: 00000293 ORIG_RAX: 0000000000000101
[12653.630338] RAX: ffffffffffffffda RBX: 0000561b73090290 RCX: 00007f03820e2d19
[12653.632219] RDX: 0000000000000000 RSI: 0000561b7122a115 RDI: 00000000ffffff9c
[12653.634158] RBP: 0000561b71228a86 R08: 0000000000000000 R09: 00000d43887095c5
[12653.636602] R10: 0000000000000000 R11: 0000000000000293 R12: 0000000000000008
[12653.638963] R13: 0000561b71228a86 R14: 0000561b7309e8d0 R15: 00007f0382f05280
[12653.641331] Code: 83 bc 79 49 83 78 10 00 4d 8b 30 0f 84 f2 00 00 00 4d 85 f6 0f 84 e9 00 00 00 49 63 5f 20 49 8b 3f 48 8d 4a 01 4c 89 f0 4c 01 f3 <48> 33 1b 49 33 9f 40 01 00 00 65 48 0f c7 0f 0f 94 c0 84 c0 74 
[12653.662154] RIP: kmem_cache_alloc_trace+0x85/0x1b0 RSP: ffffbe6a80a03b88
[12653.702159] ---[ end trace 772814a5cfd561cc ]---
[12688.137872] general protection fault: 0000 [#4] SMP PTI
[12688.187983] Modules linked in: vboxsf(OE) isofs input_leds serio_raw vboxguest(OE) video sch_fq_codel ib_iser rdma_cm iw_cm ib_cm ib_core iscsi_tcp libiscsi_tcp libiscsi scsi_transport_iscsi ip_tables x_tables autofs4 btrfs zstd_compress raid10 raid456 async_raid6_recov async_memcpy async_pq async_xor async_tx xor raid6_pq libcrc32c raid1 raid0 multipath linear crct10dif_pclmul crc32_pclmul ghash_clmulni_intel pcbc aesni_intel aes_x86_64 crypto_simd glue_helper mptspi cryptd scsi_transport_spi psmouse mptscsih e1000 vboxvideo(OE) drm_kms_helper mptbase syscopyarea sysfillrect sysimgblt fb_sys_fops ttm drm
[12688.236947] CPU: 1 PID: 1 Comm: systemd Tainted: G      D    OE    4.15.0-43-generic #46-Ubuntu
[12688.302707] Hardware name: innotek GmbH VirtualBox/VirtualBox, BIOS VirtualBox 12/01/2006
[12688.318421] RIP: 0010:kmem_cache_alloc_trace+0x85/0x1b0
[12688.325075] RSP: 0018:ffffbe6a80197b88 EFLAGS: 00010202
[12688.370985] RAX: 76c9c9533e2395ab RBX: 76c9c9533e2395ab RCX: 00000000002fa360
[12688.485988] RDX: 00000000002fa35f RSI: 00000000014080c0 RDI: 00000000000270e0
[12688.552122] RBP: ffffbe6a80197bc0 R08: ffff9de2ffd270e0 R09: 0000000000000000
[12688.644368] R10: 000070756f726763 R11: 0000000000000006 R12: 00000000014080c0
[12688.656331] R13: ffff9de2fe003500 R14: 76c9c9533e2395ab R15: ffff9de2fe003500
[12688.762848] FS:  00007f5e10b6ae00(0000) GS:ffff9de2ffd00000(0000) knlGS:0000000000000000
[12688.821791] CS:  0010 DS: 0000 ES: 0000 CR0: 0000000080050033
[12688.942298] CR2: 00007fadb032a100 CR3: 000000003d0c8004 CR4: 00000000000606e0
[12689.037930] Call Trace:
[12689.045064]  ? seq_open+0x34/0x90
[12689.048748]  seq_open+0x34/0x90
[12689.073648]  ? sched_show+0x70/0x70
[12689.104843]  single_open+0x61/0xa0
[12689.140670]  proc_single_open+0x1b/0x20
[12689.142266]  do_dentry_open+0x1c2/0x310
[12689.143713]  ? __inode_permission+0x5b/0x160
[12689.145144]  ? sched_open+0x20/0x20
[12689.146420]  vfs_open+0x4f/0x80
[12689.147547]  path_openat+0x66e/0x1770
[12689.151432]  ? sock_recvmsg+0x43/0x50
[12689.178519]  do_filp_open+0x9b/0x110
[12689.238056]  ? ep_scan_ready_list.constprop.17+0x204/0x210
[12689.309182]  ? __check_object_size+0xaf/0x1b0
[12689.417460]  ? __alloc_fd+0xb2/0x170
[12689.464612]  do_sys_open+0x1bb/0x2c0
[12689.507521]  ? do_sys_open+0x1bb/0x2c0
[12689.518232]  SyS_openat+0x14/0x20
[12689.536286]  do_syscall_64+0x73/0x130
[12689.602790]  entry_SYSCALL_64_after_hwframe+0x3d/0xa2
[12689.657997] RIP: 0033:0x7f5e1067bc8e
[12689.693376] RSP: 002b:00007ffc1b0ace60 EFLAGS: 00000246 ORIG_RAX: 0000000000000101
[12689.744667] RAX: ffffffffffffffda RBX: 000055d8104954b0 RCX: 00007f5e1067bc8e
[12689.788790] RDX: 0000000000080000 RSI: 00007ffc1b0acf60 RDI: 00000000ffffff9c
[12689.896206] RBP: 00007f5e10279738 R08: 0000000000000000 R09: 00007f5e1027973a
[12690.020029] R10: 0000000000000000 R11: 0000000000000246 R12: 0000000000000008
[12690.080689] R13: 00007f5e10279738 R14: 000000000000032b R15: 00007ffc1b0ad840
[12690.187485] Code: 83 bc 79 49 83 78 10 00 4d 8b 30 0f 84 f2 00 00 00 4d 85 f6 0f 84 e9 00 00 00 49 63 5f 20 49 8b 3f 48 8d 4a 01 4c 89 f0 4c 01 f3 <48> 33 1b 49 33 9f 40 01 00 00 65 48 0f c7 0f 0f 94 c0 84 c0 74 
[12690.511594] RIP: kmem_cache_alloc_trace+0x85/0x1b0 RSP: ffffbe6a80197b88
[12690.568450] ---[ end trace 772814a5cfd561cd ]---
[12690.677657] systemd: 26 output lines suppressed due to ratelimiting
[12690.680565] Kernel panic - not syncing: Attempted to kill init! exitcode=0x0000000b
[12690.680565] 
[12690.684424] Kernel Offset: 0x5200000 from 0xffffffff81000000 (relocation range: 0xffffffff80000000-0xffffffffbfffffff)
[12690.687684] ---[ end Kernel panic - not syncing: Attempted to kill init! exitcode=0x0000000b
[12690.687684] 
